<?xml version="1.0" encoding="UTF-8"?>
<testsuite name="UserDataTests" tests="1" skipped="0" failures="0" errors="0" timestamp="2024-01-31T09:21:43" hostname="ALEXSL_COMPUTER" time="3.683">
  <properties/>
  <testcase name="authorizationTest()" classname="UserDataTests" time="3.683"/>
  <system-out><![CDATA[]]></system-out>
  <system-err><![CDATA[]]></system-err>
</testsuite>
